Build started 2015/9/23 12:48:03.
     1>Project "C:\Users\bill_lv\documents\visual studio 2015\Projects\CPP_Primer_Exercise\Character_7\Character_7.vcxproj" on node 2 (Rebuild target(s)).
     1>ClCompile:
         C:\Program Files (x86)\Microsoft Visual Studio 14.0\VC\bin\CL.exe /c /ZI /nologo /W3 /WX- /sdl /Od /Oy- /D WIN32 /D _DEBUG /D _CONSOLE /D _UNICODE /D UNICODE /Gm /EHsc /RTC1 /MDd /GS /fp:precise /Zc:wchar_t /Zc:forScope /Zc:inline /Yc"stdafx.h" /Fp"Debug\Character_7.pch" /Fo"Debug\\" /Fd"Debug\vc140.pdb" /Gd /TP /analyze- /errorReport:prompt stdafx.cpp
         stdafx.cpp
         C:\Program Files (x86)\Microsoft Visual Studio 14.0\VC\bin\CL.exe /c /ZI /nologo /W3 /WX- /sdl /Od /Oy- /D WIN32 /D _DEBUG /D _CONSOLE /D _UNICODE /D UNICODE /Gm /EHsc /RTC1 /MDd /GS /fp:precise /Zc:wchar_t /Zc:forScope /Zc:inline /Yu"stdafx.h" /Fp"Debug\Character_7.pch" /Fo"Debug\\" /Fd"Debug\vc140.pdb" /Gd /TP /analyze- /errorReport:prompt Character_7.cpp person.cpp sales_data.cpp screen.cpp window_mgr.cpp
         window_mgr.cpp
     1>c:\users\bill_lv\documents\visual studio 2015\projects\cpp_primer_exercise\character_7\screen.h(8): error C2653: 'Window_mgr': is not a class or namespace name
     1>c:\users\bill_lv\documents\visual studio 2015\projects\cpp_primer_exercise\character_7\screen.h(8): error C2061: syntax error: identifier 'ScreenIndex'
     1>c:\users\bill_lv\documents\visual studio 2015\projects\cpp_primer_exercise\character_7\window_mgr.cpp(10): error C2248: 'Screen::contents': cannot access private member declared in class 'Screen'
         c:\users\bill_lv\documents\visual studio 2015\projects\cpp_primer_exercise\character_7\screen.h(28): note: see declaration of 'Screen::contents'
         c:\users\bill_lv\documents\visual studio 2015\projects\cpp_primer_exercise\character_7\window_mgr.h(6): note: see declaration of 'Screen'
     1>c:\users\bill_lv\documents\visual studio 2015\projects\cpp_primer_exercise\character_7\window_mgr.cpp(10): error C2248: 'Screen::width': cannot access private member declared in class 'Screen'
         c:\users\bill_lv\documents\visual studio 2015\projects\cpp_primer_exercise\character_7\screen.h(27): note: see declaration of 'Screen::width'
         c:\users\bill_lv\documents\visual studio 2015\projects\cpp_primer_exercise\character_7\window_mgr.h(6): note: see declaration of 'Screen'
     1>c:\users\bill_lv\documents\visual studio 2015\projects\cpp_primer_exercise\character_7\window_mgr.cpp(10): error C2248: 'Screen::height': cannot access private member declared in class 'Screen'
         c:\users\bill_lv\documents\visual studio 2015\projects\cpp_primer_exercise\character_7\screen.h(27): note: see declaration of 'Screen::height'
         c:\users\bill_lv\documents\visual studio 2015\projects\cpp_primer_exercise\character_7\window_mgr.h(6): note: see declaration of 'Screen'
         screen.cpp
         sales_data.cpp
         person.cpp
         Character_7.cpp
         Generating Code...
     1>Done Building Project "C:\Users\bill_lv\documents\visual studio 2015\Projects\CPP_Primer_Exercise\Character_7\Character_7.vcxproj" (Rebuild target(s)) -- FAILED.

Build FAILED.

Time Elapsed 00:00:02.08
